<?xml version="1.0" encoding="UTF-8"?>
<testsuite xmlns:xsi="http://www.w3.org/2001/XMLSchema-instance" xsi:noNamespaceSchemaLocation="https://maven.apache.org/surefire/maven-surefire-plugin/xsd/surefire-test-report-3.0.xsd" version="3.0" name="com.example.springboot.StatisticsServiceTest" time="2.923" tests="1" errors="0" skipped="0" failures="0">
  <properties>
[...]
</properties>
  <testcase name="testCalculateStatistics" classname="com.example.springboot.StatisticsServiceTest" time="0.865">
    <system-out><![CDATA[15:31:35.663 [main] INFO org.springframework.test.context.support.AnnotationConfigContextLoaderUtils -- Could not detect default configuration classes for test class [com.example.springboot.StatisticsServiceTest]: StatisticsServiceTest does not declare any static, non-private, non-final, nested classes annotated with @Configuration.
15:31:35.756 [main] INFO org.springframework.boot.test.context.SpringBootTestContextBootstrapper -- Found @SpringBootConfiguration com.example.springboot.Application for test class com.example.springboot.StatisticsServiceTest

  .   ____          _            __ _ _
 /\\ / ___'_ __ _ _(_)_ __  __ _ \ \ \ \
( ( )\___ | '_ | '_| | '_ \/ _` | \ \ \ \
 \\/  ___)| |_)| | | | | || (_| |  ) ) ) )
  '  |____| .__|_| |_|_| |_\__, | / / / /
 =========|_|==============|___/=/_/_/_/
 :: Spring Boot ::                (v3.1.4)

2023-10-27T15:31:36.126-03:00  INFO 24200 --- [           main] c.e.springboot.StatisticsServiceTest     : Starting StatisticsServiceTest using Java 17.0.8.1 with PID 24200 (started by rodolfolorbieski in C:\WorkspaceSTS\gs-spring-boot-complete)
2023-10-27T15:31:36.127-03:00  INFO 24200 --- [           main] c.e.springboot.StatisticsServiceTest     : No active profile set, falling back to 1 default profile: "default"
2023-10-27T15:31:37.460-03:00  INFO 24200 --- [           main] o.s.b.a.e.web.EndpointLinksResolver      : Exposing 1 endpoint(s) beneath base path '/actuator'
2023-10-27T15:31:37.504-03:00  INFO 24200 --- [           main] c.e.springboot.StatisticsServiceTest     : Started StatisticsServiceTest in 1.597 seconds (process running for 2.553)
]]></system-out>
  </testcase>
</testsuite>